  [1m[35m (0.7ms)[0m  [1m[35mCREATE TABLE "schema_migrations" ("version" varchar NOT NULL PRIMARY KEY)[0m
  [1m[35m (0.3ms)[0m  [1m[35mCREATE TABLE "ar_internal_metadata" ("key" varchar NOT NULL PRIMARY KEY, "value" varchar, "created_at" datetime(6) NOT NULL, "updated_at" datetime(6) NOT NULL)[0m
  [1m[36mActiveRecord::InternalMetadata Load (0.2ms)[0m  [1m[34mSELECT * FROM "ar_internal_metadata" WHERE "ar_internal_metadata"."key" = ? ORDER BY "ar_internal_metadata"."key" ASC LIMIT 1[0m  [[nil, "environment"]]
  [1m[36mActiveRecord::InternalMetadata Create (0.2ms)[0m  [1m[32mINSERT INTO "ar_internal_metadata" ("key", "value", "created_at", "updated_at") VALUES ('environment', 'development', '2024-11-11 07:04:04.258822', '2024-11-11 07:04:04.258826') RETURNING "key"[0m
  [1m[36mActiveRecord::SchemaMigration Load (0.1ms)[0m  [1m[34mSELECT "schema_migrations"."version" FROM "schema_migrations" ORDER BY "schema_migrations"."version" ASC[0m
Migrating to CreateUsers (20241111070222)
  [1m[36mTRANSACTION (0.1ms)[0m  [1m[36mbegin transaction[0m
  [1m[35m (1.5ms)[0m  [1m[35mCREATE TABLE "users" ("id" integer PRIMARY KEY AUTOINCREMENT NOT NULL, "name" varchar, "continent" varchar, "country" varchar, "state" varchar, "city" varchar, "created_at" datetime(6) NOT NULL, "updated_at" datetime(6) NOT NULL)[0m
  [1m[36mActiveRecord::SchemaMigration Create (0.1ms)[0m  [1m[32mINSERT INTO "schema_migrations" ("version") VALUES ('20241111070222') RETURNING "version"[0m
  [1m[36mTRANSACTION (0.3ms)[0m  [1m[36mcommit transaction[0m
  [1m[36mActiveRecord::SchemaMigration Load (0.1ms)[0m  [1m[34mSELECT "schema_migrations"."version" FROM "schema_migrations" ORDER BY "schema_migrations"."version" ASC[0m
  [1m[36mTRANSACTION (0.1ms)[0m  [1m[36mbegin transaction[0m
  [1m[36mUser Create (0.8ms)[0m  [1m[32mINSERT INTO "users" ("name", "continent", "country", "state", "city", "created_at", "updated_at") VALUES (?, ?, ?, ?, ?, ?, ?) RETURNING "id"[0m  [["name", "John Doe"], ["continent", "North America"], ["country", "USA"], ["state", "California"], ["city", "Los Angeles"], ["created_at", "2024-11-11 07:04:10.608672"], ["updated_at", "2024-11-11 07:04:10.608672"]]
  [1m[36mTRANSACTION (0.5ms)[0m  [1m[36mcommit transaction[0m
  [1m[36mTRANSACTION (0.1ms)[0m  [1m[36mbegin transaction[0m
  [1m[36mUser Create (1.3ms)[0m  [1m[32mINSERT INTO "users" ("name", "continent", "country", "state", "city", "created_at", "updated_at") VALUES (?, ?, ?, ?, ?, ?, ?) RETURNING "id"[0m  [["name", "Jane Smith"], ["continent", "Europe"], ["country", "UK"], ["state", "England"], ["city", "London"], ["created_at", "2024-11-11 07:04:13.360456"], ["updated_at", "2024-11-11 07:04:13.360456"]]
  [1m[36mTRANSACTION (0.1ms)[0m  [1m[36mcommit transaction[0m
Started GET "/cable" for ::1 at 2024-11-11 12:11:18 +0500
  [1m[36mActiveRecord::SchemaMigration Load (0.6ms)[0m  [1m[34mSELECT "schema_migrations"."version" FROM "schema_migrations" ORDER BY "schema_migrations"."version" ASC[0m
Started GET "/cable" [WebSocket] for ::1 at 2024-11-11 12:11:18 +0500
Successfully upgraded to WebSocket (REQUEST_METHOD: GET, HTTP_CONNECTION: Upgrade, HTTP_UPGRADE: websocket)
Started GET "/api/users" for 127.0.0.1 at 2024-11-11 12:13:10 +0500
  
ActionController::RoutingError (No route matches [GET] "/api/users"):
  
Started GET "/api/users" for 127.0.0.1 at 2024-11-11 12:13:10 +0500
  
ActionController::RoutingError (No route matches [GET] "/api/users"):
  
Started GET "/api/users" for 127.0.0.1 at 2024-11-11 12:14:17 +0500
  
ActionController::RoutingError (No route matches [GET] "/api/users"):
  
Started GET "/api/users" for 127.0.0.1 at 2024-11-11 12:14:17 +0500
  
ActionController::RoutingError (No route matches [GET] "/api/users"):
  
Started GET "/api/users" for 127.0.0.1 at 2024-11-11 12:14:32 +0500
  
ActionController::RoutingError (No route matches [GET] "/api/users"):
  
Started GET "/api/users" for 127.0.0.1 at 2024-11-11 12:14:32 +0500
  
ActionController::RoutingError (No route matches [GET] "/api/users"):
  
Started GET "/api/users" for 127.0.0.1 at 2024-11-11 12:14:38 +0500
  
ActionController::RoutingError (No route matches [GET] "/api/users"):
  
Started GET "/api/users" for 127.0.0.1 at 2024-11-11 12:14:42 +0500
  
ActionController::RoutingError (No route matches [GET] "/api/users"):
  
Started GET "/api/users" for 127.0.0.1 at 2024-11-11 12:14:42 +0500
  
ActionController::RoutingError (No route matches [GET] "/api/users"):
  
Started GET "/users" for 127.0.0.1 at 2024-11-11 12:15:11 +0500
  
ActionController::RoutingError (No route matches [GET] "/users"):
  
Started GET "/users" for 127.0.0.1 at 2024-11-11 12:15:22 +0500
  
ActionController::RoutingError (No route matches [GET] "/users"):
  
Started GET "/users" for 127.0.0.1 at 2024-11-11 12:15:22 +0500
  
ActionController::RoutingError (No route matches [GET] "/users"):
  
Started GET "/api/v1/users" for 127.0.0.1 at 2024-11-11 12:15:57 +0500
Processing by Api::V1::UsersController#index as HTML
  [1m[36mUser Load (0.6ms)[0m  [1m[34mSELECT "users".* FROM "users"[0m
  ↳ app/controllers/api/v1/users_controller.rb:6:in `map'
Completed 500 Internal Server Error in 210ms (ActiveRecord: 7.6ms | Allocations: 15273)


  
NoMethodError (undefined method `full_name' for an instance of User):
  
app/controllers/api/v1/users_controller.rb:23:in `user_data'
app/controllers/api/v1/users_controller.rb:6:in `block in index'
app/controllers/api/v1/users_controller.rb:6:in `map'
app/controllers/api/v1/users_controller.rb:6:in `index'
Started GET "/api/v1/users" for 127.0.0.1 at 2024-11-11 12:15:59 +0500
Processing by Api::V1::UsersController#index as HTML
  [1m[36mUser Load (0.4ms)[0m  [1m[34mSELECT "users".* FROM "users"[0m
  ↳ app/controllers/api/v1/users_controller.rb:6:in `map'
Completed 500 Internal Server Error in 5ms (ActiveRecord: 0.3ms | Allocations: 574)


  
NoMethodError (undefined method `full_name' for an instance of User):
  
app/controllers/api/v1/users_controller.rb:23:in `user_data'
app/controllers/api/v1/users_controller.rb:6:in `block in index'
app/controllers/api/v1/users_controller.rb:6:in `map'
app/controllers/api/v1/users_controller.rb:6:in `index'
Started GET "/api/v1/users" for 127.0.0.1 at 2024-11-11 12:16:39 +0500
Processing by Api::V1::UsersController#index as HTML
  [1m[36mUser Load (0.7ms)[0m  [1m[34mSELECT "users".* FROM "users"[0m
  ↳ app/controllers/api/v1/users_controller.rb:6:in `map'
Completed 500 Internal Server Error in 44ms (ActiveRecord: 7.4ms | Allocations: 5320)


  
NoMethodError (undefined method `email' for an instance of User):
  
app/controllers/api/v1/users_controller.rb:24:in `user_data'
app/controllers/api/v1/users_controller.rb:6:in `block in index'
app/controllers/api/v1/users_controller.rb:6:in `map'
app/controllers/api/v1/users_controller.rb:6:in `index'
Started GET "/api/v1/users" for 127.0.0.1 at 2024-11-11 12:16:39 +0500
Processing by Api::V1::UsersController#index as HTML
  [1m[36mUser Load (0.2ms)[0m  [1m[34mSELECT "users".* FROM "users"[0m
  ↳ app/controllers/api/v1/users_controller.rb:6:in `map'
Completed 500 Internal Server Error in 3ms (ActiveRecord: 0.2ms | Allocations: 567)


  
NoMethodError (undefined method `email' for an instance of User):
  
app/controllers/api/v1/users_controller.rb:24:in `user_data'
app/controllers/api/v1/users_controller.rb:6:in `block in index'
app/controllers/api/v1/users_controller.rb:6:in `map'
app/controllers/api/v1/users_controller.rb:6:in `index'
Started GET "/cable" for ::1 at 2024-11-11 12:17:02 +0500
Started GET "/cable" [WebSocket] for ::1 at 2024-11-11 12:17:02 +0500
Successfully upgraded to WebSocket (REQUEST_METHOD: GET, HTTP_CONNECTION: Upgrade, HTTP_UPGRADE: websocket)
Started GET "/api/v1/users" for 127.0.0.1 at 2024-11-11 12:17:03 +0500
Processing by Api::V1::UsersController#index as HTML
  [1m[36mUser Load (0.2ms)[0m  [1m[34mSELECT "users".* FROM "users"[0m
  ↳ app/controllers/api/v1/users_controller.rb:6:in `map'
Completed 200 OK in 74ms (Views: 0.3ms | ActiveRecord: 6.8ms | Allocations: 5326)


Started GET "/api/v1/users" for 127.0.0.1 at 2024-11-11 12:17:04 +0500
Processing by Api::V1::UsersController#index as HTML
  [1m[36mUser Load (0.1ms)[0m  [1m[34mSELECT "users".* FROM "users"[0m
  ↳ app/controllers/api/v1/users_controller.rb:6:in `map'
Completed 200 OK in 7ms (Views: 0.2ms | ActiveRecord: 0.1ms | Allocations: 527)


Started GET "/api/v1/users" for 127.0.0.1 at 2024-11-11 12:17:30 +0500
Processing by Api::V1::UsersController#index as HTML
  [1m[36mUser Load (0.1ms)[0m  [1m[34mSELECT "users".* FROM "users"[0m
  ↳ app/controllers/api/v1/users_controller.rb:6:in `map'
Completed 200 OK in 4ms (Views: 0.1ms | ActiveRecord: 0.1ms | Allocations: 523)


Started GET "/api/v1/users" for 127.0.0.1 at 2024-11-11 12:18:02 +0500
Processing by Api::V1::UsersController#index as HTML
  [1m[36mUser Load (0.2ms)[0m  [1m[34mSELECT "users".* FROM "users"[0m
  ↳ app/controllers/api/v1/users_controller.rb:6:in `map'
Completed 200 OK in 10ms (Views: 0.2ms | ActiveRecord: 0.2ms | Allocations: 523)


Started GET "/api/v1/users" for 127.0.0.1 at 2024-11-11 12:18:02 +0500
Processing by Api::V1::UsersController#index as HTML
  [1m[36mUser Load (0.2ms)[0m  [1m[34mSELECT "users".* FROM "users"[0m
  ↳ app/controllers/api/v1/users_controller.rb:6:in `map'
Completed 200 OK in 7ms (Views: 0.4ms | ActiveRecord: 0.1ms | Allocations: 527)


Started GET "/api/v1/users/locations" for 127.0.0.1 at 2024-11-11 12:18:05 +0500
Processing by Api::V1::UsersController#locations as HTML
  [1m[36mUser Pluck (1.4ms)[0m  [1m[34mSELECT DISTINCT "users"."continent" FROM "users"[0m
  ↳ app/models/user.rb:15:in `distinct_locations'
  [1m[36mUser Pluck (0.2ms)[0m  [1m[34mSELECT DISTINCT "users"."country" FROM "users"[0m
  ↳ app/models/user.rb:16:in `distinct_locations'
  [1m[36mUser Pluck (0.3ms)[0m  [1m[34mSELECT DISTINCT "users"."state" FROM "users"[0m
  ↳ app/models/user.rb:17:in `distinct_locations'
  [1m[36mUser Pluck (0.2ms)[0m  [1m[34mSELECT DISTINCT "users"."city" FROM "users"[0m
  ↳ app/models/user.rb:18:in `distinct_locations'
Completed 200 OK in 7ms (Views: 0.1ms | ActiveRecord: 2.1ms | Allocations: 1555)


Started GET "/api/v1/users" for 127.0.0.1 at 2024-11-11 12:18:14 +0500
Processing by Api::V1::UsersController#index as HTML
  [1m[36mUser Load (0.1ms)[0m  [1m[34mSELECT "users".* FROM "users"[0m
  ↳ app/controllers/api/v1/users_controller.rb:6:in `map'
Completed 200 OK in 2ms (Views: 0.2ms | ActiveRecord: 0.1ms | Allocations: 524)


Started GET "/api/v1/users" for 127.0.0.1 at 2024-11-11 12:18:14 +0500
Processing by Api::V1::UsersController#index as HTML
  [1m[36mUser Load (0.1ms)[0m  [1m[34mSELECT "users".* FROM "users"[0m
  ↳ app/controllers/api/v1/users_controller.rb:6:in `map'
Completed 200 OK in 2ms (Views: 0.2ms | ActiveRecord: 0.1ms | Allocations: 524)


Started OPTIONS "/feed.xml?token=[FILTERED]" for ::1 at 2024-11-11 12:21:02 +0500
  
ActionController::RoutingError (No route matches [OPTIONS] "/feed.xml"):
  
Started GET "/api/v1/users" for 127.0.0.1 at 2024-11-11 12:22:31 +0500
Processing by Api::V1::UsersController#index as HTML
  [1m[36mUser Load (0.1ms)[0m  [1m[34mSELECT "users".* FROM "users"[0m
  ↳ app/controllers/api/v1/users_controller.rb:6:in `map'
Completed 200 OK in 2ms (Views: 0.2ms | ActiveRecord: 0.1ms | Allocations: 523)


Started GET "/api/v1/users" for 127.0.0.1 at 2024-11-11 12:22:31 +0500
Processing by Api::V1::UsersController#index as HTML
  [1m[36mUser Load (0.3ms)[0m  [1m[34mSELECT "users".* FROM "users"[0m
  ↳ app/controllers/api/v1/users_controller.rb:6:in `map'
Completed 200 OK in 3ms (Views: 0.3ms | ActiveRecord: 0.3ms | Allocations: 523)


Started GET "/api/v1/users" for 127.0.0.1 at 2024-11-11 12:23:09 +0500
Processing by Api::V1::UsersController#index as HTML
  [1m[36mUser Load (0.1ms)[0m  [1m[34mSELECT "users".* FROM "users"[0m
  ↳ app/controllers/api/v1/users_controller.rb:6:in `map'
Completed 200 OK in 3ms (Views: 0.2ms | ActiveRecord: 0.1ms | Allocations: 525)


Started GET "/api/v1/users" for 127.0.0.1 at 2024-11-11 12:23:09 +0500
Processing by Api::V1::UsersController#index as HTML
  [1m[36mUser Load (0.1ms)[0m  [1m[34mSELECT "users".* FROM "users"[0m
  ↳ app/controllers/api/v1/users_controller.rb:6:in `map'
Completed 200 OK in 4ms (Views: 0.2ms | ActiveRecord: 0.1ms | Allocations: 524)


Started GET "/api/v1/users/locations" for 127.0.0.1 at 2024-11-11 12:23:13 +0500
Processing by Api::V1::UsersController#locations as HTML
  [1m[36mUser Pluck (0.4ms)[0m  [1m[34mSELECT DISTINCT "users"."continent" FROM "users"[0m
  ↳ app/models/user.rb:15:in `distinct_locations'
  [1m[36mUser Pluck (0.2ms)[0m  [1m[34mSELECT DISTINCT "users"."country" FROM "users"[0m
  ↳ app/models/user.rb:16:in `distinct_locations'
  [1m[36mUser Pluck (0.2ms)[0m  [1m[34mSELECT DISTINCT "users"."state" FROM "users"[0m
  ↳ app/models/user.rb:17:in `distinct_locations'
  [1m[36mUser Pluck (0.1ms)[0m  [1m[34mSELECT DISTINCT "users"."city" FROM "users"[0m
  ↳ app/models/user.rb:18:in `distinct_locations'
Completed 200 OK in 6ms (Views: 0.2ms | ActiveRecord: 0.9ms | Allocations: 1445)


Started GET "/api/v1/users/locations" for 127.0.0.1 at 2024-11-11 12:23:16 +0500
Processing by Api::V1::UsersController#locations as HTML
  [1m[36mUser Pluck (0.2ms)[0m  [1m[34mSELECT DISTINCT "users"."continent" FROM "users"[0m
  ↳ app/models/user.rb:15:in `distinct_locations'
  [1m[36mUser Pluck (0.1ms)[0m  [1m[34mSELECT DISTINCT "users"."country" FROM "users"[0m
  ↳ app/models/user.rb:16:in `distinct_locations'
  [1m[36mUser Pluck (0.1ms)[0m  [1m[34mSELECT DISTINCT "users"."state" FROM "users"[0m
  ↳ app/models/user.rb:17:in `distinct_locations'
  [1m[36mUser Pluck (0.1ms)[0m  [1m[34mSELECT DISTINCT "users"."city" FROM "users"[0m
  ↳ app/models/user.rb:18:in `distinct_locations'
Completed 200 OK in 4ms (Views: 0.2ms | ActiveRecord: 0.4ms | Allocations: 1445)


Started GET "/api/v1/users" for 127.0.0.1 at 2024-11-11 12:23:34 +0500
Processing by Api::V1::UsersController#index as HTML
  [1m[36mUser Load (0.1ms)[0m  [1m[34mSELECT "users".* FROM "users"[0m
  ↳ app/controllers/api/v1/users_controller.rb:6:in `map'
Completed 200 OK in 2ms (Views: 0.2ms | ActiveRecord: 0.1ms | Allocations: 525)


Started GET "/api/v1/users" for 127.0.0.1 at 2024-11-11 12:23:34 +0500
Processing by Api::V1::UsersController#index as HTML
  [1m[36mUser Load (0.2ms)[0m  [1m[34mSELECT "users".* FROM "users"[0m
  ↳ app/controllers/api/v1/users_controller.rb:6:in `map'
Completed 200 OK in 2ms (Views: 0.2ms | ActiveRecord: 0.1ms | Allocations: 524)


Started GET "/api/v1/users/locations" for 127.0.0.1 at 2024-11-11 12:23:40 +0500
Processing by Api::V1::UsersController#locations as HTML
  [1m[36mUser Pluck (0.2ms)[0m  [1m[34mSELECT DISTINCT "users"."continent" FROM "users"[0m
  ↳ app/models/user.rb:15:in `distinct_locations'
  [1m[36mUser Pluck (0.2ms)[0m  [1m[34mSELECT DISTINCT "users"."country" FROM "users"[0m
  ↳ app/models/user.rb:16:in `distinct_locations'
  [1m[36mUser Pluck (0.2ms)[0m  [1m[34mSELECT DISTINCT "users"."state" FROM "users"[0m
  ↳ app/models/user.rb:17:in `distinct_locations'
  [1m[36mUser Pluck (0.2ms)[0m  [1m[34mSELECT DISTINCT "users"."city" FROM "users"[0m
  ↳ app/models/user.rb:18:in `distinct_locations'
Completed 200 OK in 7ms (Views: 0.2ms | ActiveRecord: 0.6ms | Allocations: 1445)


Started GET "/api/v1/users" for 127.0.0.1 at 2024-11-11 12:24:53 +0500
Processing by Api::V1::UsersController#index as HTML
  [1m[36mUser Load (0.1ms)[0m  [1m[34mSELECT "users".* FROM "users"[0m
  ↳ app/controllers/api/v1/users_controller.rb:6:in `map'
Completed 200 OK in 2ms (Views: 0.2ms | ActiveRecord: 0.1ms | Allocations: 525)


Started GET "/api/v1/users" for 127.0.0.1 at 2024-11-11 12:24:53 +0500
Processing by Api::V1::UsersController#index as HTML
  [1m[36mUser Load (0.1ms)[0m  [1m[34mSELECT "users".* FROM "users"[0m
  ↳ app/controllers/api/v1/users_controller.rb:6:in `map'
Completed 200 OK in 2ms (Views: 0.2ms | ActiveRecord: 0.1ms | Allocations: 524)


Started GET "/api/v1/users/locations" for 127.0.0.1 at 2024-11-11 12:24:54 +0500
Processing by Api::V1::UsersController#locations as HTML
  [1m[36mUser Pluck (0.2ms)[0m  [1m[34mSELECT DISTINCT "users"."continent" FROM "users"[0m
  ↳ app/models/user.rb:15:in `distinct_locations'
  [1m[36mUser Pluck (0.2ms)[0m  [1m[34mSELECT DISTINCT "users"."country" FROM "users"[0m
  ↳ app/models/user.rb:16:in `distinct_locations'
  [1m[36mUser Pluck (0.3ms)[0m  [1m[34mSELECT DISTINCT "users"."state" FROM "users"[0m
  ↳ app/models/user.rb:17:in `distinct_locations'
  [1m[36mUser Pluck (0.2ms)[0m  [1m[34mSELECT DISTINCT "users"."city" FROM "users"[0m
  ↳ app/models/user.rb:18:in `distinct_locations'
Completed 200 OK in 7ms (Views: 0.2ms | ActiveRecord: 0.8ms | Allocations: 1445)


Started GET "/api/v1/users/locations" for 127.0.0.1 at 2024-11-11 12:25:12 +0500
Started GET "/api/v1/users" for 127.0.0.1 at 2024-11-11 12:25:12 +0500
Processing by Api::V1::UsersController#locations as HTML
  [1m[36mUser Pluck (0.1ms)[0m  [1m[34mSELECT DISTINCT "users"."continent" FROM "users"[0m
  ↳ app/models/user.rb:15:in `distinct_locations'
  [1m[36mUser Pluck (0.1ms)[0m  [1m[34mSELECT DISTINCT "users"."country" FROM "users"[0m
  ↳ app/models/user.rb:16:in `distinct_locations'
  [1m[36mUser Pluck (0.3ms)[0m  [1m[34mSELECT DISTINCT "users"."state" FROM "users"[0m
Processing by Api::V1::UsersController#index as HTML
  ↳ app/models/user.rb:17:in `distinct_locations'
  [1m[36mUser Load (2.9ms)[0m  [1m[34mSELECT "users".* FROM "users"[0m
  [1m[36mUser Pluck (0.3ms)[0m  [1m[34mSELECT DISTINCT "users"."city" FROM "users"[0m
  ↳ app/controllers/api/v1/users_controller.rb:6:in `map'
  ↳ app/models/user.rb:18:in `distinct_locations'
Completed 200 OK in 7ms (Views: 0.2ms | ActiveRecord: 3.6ms | Allocations: 1129)


Completed 200 OK in 13ms (Views: 0.1ms | ActiveRecord: 0.8ms | Allocations: 2527)


Started GET "/api/v1/users/locations" for 127.0.0.1 at 2024-11-11 12:25:15 +0500
Started GET "/api/v1/users" for 127.0.0.1 at 2024-11-11 12:25:15 +0500
Processing by Api::V1::UsersController#locations as HTML
  [1m[36mUser Pluck (0.1ms)[0m  [1m[34mSELECT DISTINCT "users"."continent" FROM "users"[0m
  ↳ app/models/user.rb:15:in `distinct_locations'
Processing by Api::V1::UsersController#index as HTML
  [1m[36mUser Pluck (0.1ms)[0m  [1m[34mSELECT DISTINCT "users"."country" FROM "users"[0m
  [1m[36mUser Load (0.2ms)[0m  [1m[34mSELECT "users".* FROM "users"[0m
  ↳ app/models/user.rb:16:in `distinct_locations'
  ↳ app/controllers/api/v1/users_controller.rb:6:in `map'
  [1m[36mUser Pluck (0.3ms)[0m  [1m[34mSELECT DISTINCT "users"."state" FROM "users"[0m
Completed 200 OK in 4ms (Views: 0.2ms | ActiveRecord: 0.2ms | Allocations: 871)


  ↳ app/models/user.rb:17:in `distinct_locations'
  [1m[36mUser Pluck (0.2ms)[0m  [1m[34mSELECT DISTINCT "users"."city" FROM "users"[0m
  ↳ app/models/user.rb:18:in `distinct_locations'
Completed 200 OK in 67ms (Views: 0.2ms | ActiveRecord: 0.7ms | Allocations: 2458)


Started GET "/api/v1/users" for 127.0.0.1 at 2024-11-11 12:25:49 +0500
Processing by Api::V1::UsersController#index as HTML
  [1m[36mUser Load (0.1ms)[0m  [1m[34mSELECT "users".* FROM "users"[0m
  ↳ app/controllers/api/v1/users_controller.rb:6:in `map'
Completed 200 OK in 2ms (Views: 0.3ms | ActiveRecord: 0.1ms | Allocations: 524)


Started GET "/api/v1/users" for 127.0.0.1 at 2024-11-11 12:25:49 +0500
Processing by Api::V1::UsersController#index as HTML
  [1m[36mUser Load (0.1ms)[0m  [1m[34mSELECT "users".* FROM "users"[0m
  ↳ app/controllers/api/v1/users_controller.rb:6:in `map'
Completed 200 OK in 2ms (Views: 0.2ms | ActiveRecord: 0.1ms | Allocations: 524)


Started GET "/api/v1/users" for 127.0.0.1 at 2024-11-11 12:26:00 +0500
Processing by Api::V1::UsersController#index as HTML
  [1m[36mUser Load (0.1ms)[0m  [1m[34mSELECT "users".* FROM "users"[0m
  ↳ app/controllers/api/v1/users_controller.rb:6:in `map'
Completed 200 OK in 3ms (Views: 0.2ms | ActiveRecord: 0.1ms | Allocations: 524)


Started GET "/api/v1/users" for 127.0.0.1 at 2024-11-11 12:26:01 +0500
Processing by Api::V1::UsersController#index as HTML
  [1m[36mUser Load (0.1ms)[0m  [1m[34mSELECT "users".* FROM "users"[0m
  ↳ app/controllers/api/v1/users_controller.rb:6:in `map'
Completed 200 OK in 3ms (Views: 0.2ms | ActiveRecord: 0.1ms | Allocations: 524)


Started GET "/api/v1/users" for 127.0.0.1 at 2024-11-11 12:26:01 +0500
Processing by Api::V1::UsersController#index as HTML
  [1m[36mUser Load (0.1ms)[0m  [1m[34mSELECT "users".* FROM "users"[0m
  ↳ app/controllers/api/v1/users_controller.rb:6:in `map'
Completed 200 OK in 2ms (Views: 0.2ms | ActiveRecord: 0.1ms | Allocations: 524)


Started GET "/api/v1/users/locations" for 127.0.0.1 at 2024-11-11 12:26:02 +0500
Processing by Api::V1::UsersController#locations as HTML
  [1m[36mUser Pluck (0.2ms)[0m  [1m[34mSELECT DISTINCT "users"."continent" FROM "users"[0m
  ↳ app/models/user.rb:15:in `distinct_locations'
  [1m[36mUser Pluck (0.2ms)[0m  [1m[34mSELECT DISTINCT "users"."country" FROM "users"[0m
  ↳ app/models/user.rb:16:in `distinct_locations'
  [1m[36mUser Pluck (0.2ms)[0m  [1m[34mSELECT DISTINCT "users"."state" FROM "users"[0m
  ↳ app/models/user.rb:17:in `distinct_locations'
  [1m[36mUser Pluck (0.1ms)[0m  [1m[34mSELECT DISTINCT "users"."city" FROM "users"[0m
  ↳ app/models/user.rb:18:in `distinct_locations'
Completed 200 OK in 9ms (Views: 0.2ms | ActiveRecord: 0.6ms | Allocations: 1446)


Started GET "/api/v1/users?continent=&countrie=UK&state=&citie=" for 127.0.0.1 at 2024-11-11 12:26:18 +0500
Processing by Api::V1::UsersController#index as HTML
  Parameters: {"continent"=>"", "countrie"=>"UK", "state"=>"", "citie"=>""}
[31mUnpermitted parameters: :countrie, :citie. Context: { controller: Api::V1::UsersController, action: index, request: #<ActionDispatch::Request:0x0000000121f8b9a8>, params: {"continent"=>"", "countrie"=>"UK", "state"=>"", "citie"=>"", "controller"=>"api/v1/users", "action"=>"index"} }[0m
  [1m[36mUser Load (0.1ms)[0m  [1m[34mSELECT "users".* FROM "users"[0m
  ↳ app/controllers/api/v1/users_controller.rb:6:in `map'
Completed 200 OK in 2ms (Views: 0.1ms | ActiveRecord: 0.1ms | Allocations: 668)


Started GET "/api/v1/users" for 127.0.0.1 at 2024-11-11 12:27:28 +0500
Processing by Api::V1::UsersController#index as HTML
  [1m[36mUser Load (1.0ms)[0m  [1m[34mSELECT "users".* FROM "users" /* loading for pp */ LIMIT ?[0m  [["LIMIT", 11]]
  ↳ app/models/user.rb:10:in `block in <class:User>'
  [1m[36mUser Load (0.3ms)[0m  [1m[34mSELECT "users".* FROM "users"[0m
  ↳ app/controllers/api/v1/users_controller.rb:6:in `map'
Completed 200 OK in 37834ms (Views: 0.2ms | ActiveRecord: 20.3ms | Allocations: 199201)


Started GET "/cable" for ::1 at 2024-11-11 12:28:06 +0500
Started GET "/api/v1/users" for 127.0.0.1 at 2024-11-11 12:28:06 +0500
Processing by Api::V1::UsersController#index as HTML
  [1m[36mUser Load (0.1ms)[0m  [1m[34mSELECT "users".* FROM "users"[0m
  ↳ app/controllers/api/v1/users_controller.rb:6:in `map'
Completed 200 OK in 972ms (Views: 0.3ms | ActiveRecord: 52.5ms | Allocations: 112548)


Started GET "/cable" [WebSocket] for ::1 at 2024-11-11 12:28:07 +0500
Successfully upgraded to WebSocket (REQUEST_METHOD: GET, HTTP_CONNECTION: Upgrade, HTTP_UPGRADE: websocket)
Started GET "/api/v1/users" for 127.0.0.1 at 2024-11-11 12:28:16 +0500
Processing by Api::V1::UsersController#index as HTML
  [1m[36mUser Load (0.2ms)[0m  [1m[34mSELECT "users".* FROM "users"[0m
  ↳ app/controllers/api/v1/users_controller.rb:6:in `map'
Completed 200 OK in 36ms (Views: 8.7ms | ActiveRecord: 6.0ms | Allocations: 5283)


Started GET "/api/v1/users" for 127.0.0.1 at 2024-11-11 12:28:16 +0500
Processing by Api::V1::UsersController#index as HTML
  [1m[36mUser Load (0.2ms)[0m  [1m[34mSELECT "users".* FROM "users"[0m
  ↳ app/controllers/api/v1/users_controller.rb:6:in `map'
Completed 200 OK in 3ms (Views: 0.2ms | ActiveRecord: 0.2ms | Allocations: 528)


Started GET "/api/v1/users/locations" for 127.0.0.1 at 2024-11-11 12:28:20 +0500
Processing by Api::V1::UsersController#locations as HTML
  [1m[36mUser Pluck (0.5ms)[0m  [1m[34mSELECT DISTINCT "users"."continent" FROM "users"[0m
  ↳ app/models/user.rb:15:in `distinct_locations'
  [1m[36mUser Pluck (0.3ms)[0m  [1m[34mSELECT DISTINCT "users"."country" FROM "users"[0m
  ↳ app/models/user.rb:16:in `distinct_locations'
  [1m[36mUser Pluck (0.3ms)[0m  [1m[34mSELECT DISTINCT "users"."state" FROM "users"[0m
  ↳ app/models/user.rb:17:in `distinct_locations'
  [1m[36mUser Pluck (0.2ms)[0m  [1m[34mSELECT DISTINCT "users"."city" FROM "users"[0m
  ↳ app/models/user.rb:18:in `distinct_locations'
Completed 200 OK in 9ms (Views: 0.6ms | ActiveRecord: 1.2ms | Allocations: 1494)


Started GET "/api/v1/users?continent=&countrie=&state=California&citie=" for 127.0.0.1 at 2024-11-11 12:28:23 +0500
Processing by Api::V1::UsersController#index as HTML
  Parameters: {"continent"=>"", "countrie"=>"", "state"=>"California", "citie"=>""}
[31mUnpermitted parameters: :countrie, :citie. Context: { controller: Api::V1::UsersController, action: index, request: #<ActionDispatch::Request:0x0000000121eaa480>, params: {"continent"=>"", "countrie"=>"", "state"=>"California", "citie"=>"", "controller"=>"api/v1/users", "action"=>"index"} }[0m
  [1m[36mUser Load (0.3ms)[0m  [1m[34mSELECT "users".* FROM "users" WHERE "users"."state" = ?[0m  [["state", "California"]]
  ↳ app/controllers/api/v1/users_controller.rb:6:in `map'
Completed 200 OK in 11ms (Views: 0.2ms | ActiveRecord: 0.3ms | Allocations: 1470)


Started GET "/api/v1/users?continent=&countrie=&state=&citie=" for 127.0.0.1 at 2024-11-11 12:28:25 +0500
Processing by Api::V1::UsersController#index as HTML
  Parameters: {"continent"=>"", "countrie"=>"", "state"=>"", "citie"=>""}
[31mUnpermitted parameters: :countrie, :citie. Context: { controller: Api::V1::UsersController, action: index, request: #<ActionDispatch::Request:0x0000000121fa9930>, params: {"continent"=>"", "countrie"=>"", "state"=>"", "citie"=>"", "controller"=>"api/v1/users", "action"=>"index"} }[0m
  [1m[36mUser Load (0.1ms)[0m  [1m[34mSELECT "users".* FROM "users"[0m
  ↳ app/controllers/api/v1/users_controller.rb:6:in `map'
Completed 200 OK in 3ms (Views: 0.3ms | ActiveRecord: 0.2ms | Allocations: 635)


Started GET "/cable" for ::1 at 2024-11-11 12:28:27 +0500
Started GET "/cable" [WebSocket] for ::1 at 2024-11-11 12:28:27 +0500
Successfully upgraded to WebSocket (REQUEST_METHOD: GET, HTTP_CONNECTION: Upgrade, HTTP_UPGRADE: websocket)
Started GET "/api/v1/users" for 127.0.0.1 at 2024-11-11 12:28:31 +0500
Processing by Api::V1::UsersController#index as HTML
  [1m[36mUser Load (0.2ms)[0m  [1m[34mSELECT "users".* FROM "users"[0m
  ↳ app/controllers/api/v1/users_controller.rb:6:in `map'
Completed 200 OK in 3ms (Views: 0.2ms | ActiveRecord: 0.2ms | Allocations: 524)


Started GET "/api/v1/users" for 127.0.0.1 at 2024-11-11 12:28:31 +0500
Processing by Api::V1::UsersController#index as HTML
  [1m[36mUser Load (0.4ms)[0m  [1m[34mSELECT "users".* FROM "users"[0m
  ↳ app/controllers/api/v1/users_controller.rb:6:in `map'
Completed 200 OK in 7ms (Views: 0.5ms | ActiveRecord: 0.4ms | Allocations: 524)


Started GET "/api/v1/users" for 127.0.0.1 at 2024-11-11 12:28:32 +0500
Processing by Api::V1::UsersController#index as HTML
  [1m[36mUser Load (0.2ms)[0m  [1m[34mSELECT "users".* FROM "users"[0m
  ↳ app/controllers/api/v1/users_controller.rb:6:in `map'
Completed 200 OK in 3ms (Views: 0.3ms | ActiveRecord: 0.2ms | Allocations: 524)


Started GET "/api/v1/users" for 127.0.0.1 at 2024-11-11 12:28:32 +0500
Processing by Api::V1::UsersController#index as HTML
  [1m[36mUser Load (0.1ms)[0m  [1m[34mSELECT "users".* FROM "users"[0m
  ↳ app/controllers/api/v1/users_controller.rb:6:in `map'
Completed 200 OK in 3ms (Views: 0.2ms | ActiveRecord: 0.2ms | Allocations: 524)


Started GET "/api/v1/users" for 127.0.0.1 at 2024-11-11 12:30:07 +0500
Processing by Api::V1::UsersController#index as HTML
  [1m[36mUser Load (0.2ms)[0m  [1m[34mSELECT "users".* FROM "users"[0m
  ↳ app/controllers/api/v1/users_controller.rb:6:in `map'
Completed 200 OK in 31ms (Views: 0.5ms | ActiveRecord: 4.3ms | Allocations: 5287)


Started GET "/api/v1/users" for 127.0.0.1 at 2024-11-11 12:30:13 +0500
Processing by Api::V1::UsersController#index as HTML
  [1m[36mUser Load (0.4ms)[0m  [1m[34mSELECT "users".* FROM "users"[0m
  ↳ app/controllers/api/v1/users_controller.rb:6:in `map'
Completed 200 OK in 11ms (Views: 0.2ms | ActiveRecord: 0.3ms | Allocations: 536)


Started GET "/cable" for ::1 at 2024-11-11 12:30:26 +0500
Started GET "/cable" [WebSocket] for ::1 at 2024-11-11 12:30:26 +0500
Successfully upgraded to WebSocket (REQUEST_METHOD: GET, HTTP_CONNECTION: Upgrade, HTTP_UPGRADE: websocket)
Started GET "/api/v1/users" for 127.0.0.1 at 2024-11-11 12:30:33 +0500
Started GET "/api/v1/users" for 127.0.0.1 at 2024-11-11 12:30:33 +0500
Processing by Api::V1::UsersController#index as HTML
  [1m[36mUser Load (0.2ms)[0m  [1m[34mSELECT "users".* FROM "users"[0m
  ↳ app/controllers/api/v1/users_controller.rb:6:in `map'
Completed 200 OK in 2ms (Views: 0.2ms | ActiveRecord: 0.1ms | Allocations: 543)


Processing by Api::V1::UsersController#index as HTML
  [1m[36mUser Load (0.1ms)[0m  [1m[34mSELECT "users".* FROM "users"[0m
  ↳ app/controllers/api/v1/users_controller.rb:6:in `map'
Completed 200 OK in 2ms (Views: 0.3ms | ActiveRecord: 0.1ms | Allocations: 535)


Started GET "/api/v1/users" for 127.0.0.1 at 2024-11-11 12:30:33 +0500
Processing by Api::V1::UsersController#index as HTML
  [1m[36mUser Load (0.2ms)[0m  [1m[34mSELECT "users".* FROM "users"[0m
  ↳ app/controllers/api/v1/users_controller.rb:6:in `map'
Completed 200 OK in 3ms (Views: 0.3ms | ActiveRecord: 0.2ms | Allocations: 535)


Started GET "/api/v1/users" for 127.0.0.1 at 2024-11-11 12:30:33 +0500
Processing by Api::V1::UsersController#index as HTML
  [1m[36mUser Load (0.1ms)[0m  [1m[34mSELECT "users".* FROM "users"[0m
  ↳ app/controllers/api/v1/users_controller.rb:6:in `map'
Completed 200 OK in 2ms (Views: 0.2ms | ActiveRecord: 0.1ms | Allocations: 535)


Started GET "/api/v1/users/locations" for 127.0.0.1 at 2024-11-11 12:30:35 +0500
Processing by Api::V1::UsersController#locations as HTML
  [1m[36mUser Pluck (0.5ms)[0m  [1m[34mSELECT DISTINCT "users"."continent" FROM "users"[0m
  ↳ app/models/user.rb:17:in `distinct_ordered'
  [1m[36mUser Pluck (0.7ms)[0m  [1m[34mSELECT DISTINCT "users"."country" FROM "users"[0m
  ↳ app/models/user.rb:17:in `distinct_ordered'
  [1m[36mUser Pluck (0.3ms)[0m  [1m[34mSELECT DISTINCT "users"."state" FROM "users"[0m
  ↳ app/models/user.rb:17:in `distinct_ordered'
  [1m[36mUser Pluck (0.3ms)[0m  [1m[34mSELECT DISTINCT "users"."city" FROM "users"[0m
  ↳ app/models/user.rb:17:in `distinct_ordered'
Completed 200 OK in 8ms (Views: 0.2ms | ActiveRecord: 1.7ms | Allocations: 1499)


Started GET "/api/v1/users" for 127.0.0.1 at 2024-11-11 12:31:09 +0500
Started GET "/api/v1/users/locations" for 127.0.0.1 at 2024-11-11 12:31:09 +0500
Processing by Api::V1::UsersController#index as HTML
  [1m[36mUser Load (0.2ms)[0m  [1m[34mSELECT "users".* FROM "users"[0m
  ↳ app/controllers/api/v1/users_controller.rb:6:in `map'
Completed 200 OK in 3ms (Views: 0.2ms | ActiveRecord: 0.2ms | Allocations: 541)


Processing by Api::V1::UsersController#locations as HTML
  [1m[36mUser Pluck (0.2ms)[0m  [1m[34mSELECT DISTINCT "users"."continent" FROM "users"[0m
  ↳ app/models/user.rb:17:in `distinct_ordered'
  [1m[36mUser Pluck (0.5ms)[0m  [1m[34mSELECT DISTINCT "users"."country" FROM "users"[0m
  ↳ app/models/user.rb:17:in `distinct_ordered'
  [1m[36mUser Pluck (0.3ms)[0m  [1m[34mSELECT DISTINCT "users"."state" FROM "users"[0m
  ↳ app/models/user.rb:17:in `distinct_ordered'
  [1m[36mUser Pluck (0.4ms)[0m  [1m[34mSELECT DISTINCT "users"."city" FROM "users"[0m
  ↳ app/models/user.rb:17:in `distinct_ordered'
Completed 200 OK in 19ms (Views: 0.6ms | ActiveRecord: 1.0ms | Allocations: 1445)


Started GET "/api/v1/users" for 127.0.0.1 at 2024-11-11 12:31:11 +0500
Processing by Api::V1::UsersController#index as HTML
  [1m[36mUser Load (0.2ms)[0m  [1m[34mSELECT "users".* FROM "users"[0m
  ↳ app/controllers/api/v1/users_controller.rb:6:in `map'
Completed 200 OK in 3ms (Views: 0.2ms | ActiveRecord: 0.2ms | Allocations: 535)


Started GET "/api/v1/users" for 127.0.0.1 at 2024-11-11 12:31:11 +0500
Processing by Api::V1::UsersController#index as HTML
  [1m[36mUser Load (0.1ms)[0m  [1m[34mSELECT "users".* FROM "users"[0m
  ↳ app/controllers/api/v1/users_controller.rb:6:in `map'
Completed 200 OK in 2ms (Views: 0.2ms | ActiveRecord: 0.1ms | Allocations: 535)


Started GET "/api/v1/users/locations" for 127.0.0.1 at 2024-11-11 12:31:12 +0500
Processing by Api::V1::UsersController#locations as HTML
  [1m[36mUser Pluck (0.1ms)[0m  [1m[34mSELECT DISTINCT "users"."continent" FROM "users"[0m
  ↳ app/models/user.rb:17:in `distinct_ordered'
  [1m[36mUser Pluck (0.2ms)[0m  [1m[34mSELECT DISTINCT "users"."country" FROM "users"[0m
  ↳ app/models/user.rb:17:in `distinct_ordered'
  [1m[36mUser Pluck (0.2ms)[0m  [1m[34mSELECT DISTINCT "users"."state" FROM "users"[0m
  ↳ app/models/user.rb:17:in `distinct_ordered'
  [1m[36mUser Pluck (0.2ms)[0m  [1m[34mSELECT DISTINCT "users"."city" FROM "users"[0m
  ↳ app/models/user.rb:17:in `distinct_ordered'
Completed 200 OK in 9ms (Views: 0.4ms | ActiveRecord: 0.7ms | Allocations: 1445)


Started GET "/api/v1/users/locations" for 127.0.0.1 at 2024-11-11 12:31:22 +0500
Started GET "/api/v1/users" for 127.0.0.1 at 2024-11-11 12:31:22 +0500
Processing by Api::V1::UsersController#locations as HTML
  [1m[36mUser Pluck (0.2ms)[0m  [1m[34mSELECT DISTINCT "users"."continent" FROM "users"[0m
  ↳ app/models/user.rb:17:in `distinct_ordered'
  [1m[36mUser Pluck (0.2ms)[0m  [1m[34mSELECT DISTINCT "users"."country" FROM "users"[0m
  ↳ app/models/user.rb:17:in `distinct_ordered'
  [1m[36mUser Pluck (0.4ms)[0m  [1m[34mSELECT DISTINCT "users"."state" FROM "users"[0m
  ↳ app/models/user.rb:17:in `distinct_ordered'
  [1m[36mUser Pluck (0.2ms)[0m  [1m[34mSELECT DISTINCT "users"."city" FROM "users"[0m
  ↳ app/models/user.rb:17:in `distinct_ordered'
Completed 200 OK in 9ms (Views: 0.2ms | ActiveRecord: 0.8ms | Allocations: 1458)


Processing by Api::V1::UsersController#index as HTML
  [1m[36mUser Load (0.2ms)[0m  [1m[34mSELECT "users".* FROM "users"[0m
  ↳ app/controllers/api/v1/users_controller.rb:6:in `map'
Completed 200 OK in 3ms (Views: 0.2ms | ActiveRecord: 0.1ms | Allocations: 535)


Started OPTIONS "/feed.xml?token=[FILTERED]" for ::1 at 2024-11-11 12:31:32 +0500
  
ActionController::RoutingError (No route matches [OPTIONS] "/feed.xml"):
  
Started GET "/api/v1/users" for 127.0.0.1 at 2024-11-11 12:32:06 +0500
Started GET "/api/v1/users/locations" for 127.0.0.1 at 2024-11-11 12:32:06 +0500
Processing by Api::V1::UsersController#index as HTML
  [1m[36mUser Load (0.2ms)[0m  [1m[34mSELECT "users".* FROM "users"[0m
  ↳ app/controllers/api/v1/users_controller.rb:6:in `map'
Completed 200 OK in 2ms (Views: 0.2ms | ActiveRecord: 0.1ms | Allocations: 536)


Processing by Api::V1::UsersController#locations as HTML
  [1m[36mUser Pluck (0.2ms)[0m  [1m[34mSELECT DISTINCT "users"."continent" FROM "users"[0m
  ↳ app/models/user.rb:17:in `distinct_ordered'
  [1m[36mUser Pluck (0.2ms)[0m  [1m[34mSELECT DISTINCT "users"."country" FROM "users"[0m
  ↳ app/models/user.rb:17:in `distinct_ordered'
  [1m[36mUser Pluck (0.2ms)[0m  [1m[34mSELECT DISTINCT "users"."state" FROM "users"[0m
  ↳ app/models/user.rb:17:in `distinct_ordered'
  [1m[36mUser Pluck (0.3ms)[0m  [1m[34mSELECT DISTINCT "users"."city" FROM "users"[0m
  ↳ app/models/user.rb:17:in `distinct_ordered'
Completed 200 OK in 8ms (Views: 0.4ms | ActiveRecord: 0.8ms | Allocations: 1444)


Started GET "/api/v1/users" for 127.0.0.1 at 2024-11-11 12:32:14 +0500
Processing by Api::V1::UsersController#index as HTML
  [1m[36mUser Load (0.2ms)[0m  [1m[34mSELECT "users".* FROM "users"[0m
  ↳ app/controllers/api/v1/users_controller.rb:6:in `map'
Completed 200 OK in 3ms (Views: 0.2ms | ActiveRecord: 0.2ms | Allocations: 534)


Started GET "/api/v1/users" for 127.0.0.1 at 2024-11-11 12:32:14 +0500
Processing by Api::V1::UsersController#index as HTML
  [1m[36mUser Load (0.3ms)[0m  [1m[34mSELECT "users".* FROM "users"[0m
  ↳ app/controllers/api/v1/users_controller.rb:6:in `map'
Completed 200 OK in 4ms (Views: 0.3ms | ActiveRecord: 0.3ms | Allocations: 534)


Started GET "/api/v1/users/locations" for 127.0.0.1 at 2024-11-11 12:32:18 +0500
Processing by Api::V1::UsersController#locations as HTML
  [1m[36mUser Pluck (0.1ms)[0m  [1m[34mSELECT DISTINCT "users"."continent" FROM "users"[0m
  ↳ app/models/user.rb:17:in `distinct_ordered'
  [1m[36mUser Pluck (0.1ms)[0m  [1m[34mSELECT DISTINCT "users"."country" FROM "users"[0m
  ↳ app/models/user.rb:17:in `distinct_ordered'
  [1m[36mUser Pluck (0.1ms)[0m  [1m[34mSELECT DISTINCT "users"."state" FROM "users"[0m
  ↳ app/models/user.rb:17:in `distinct_ordered'
  [1m[36mUser Pluck (0.2ms)[0m  [1m[34mSELECT DISTINCT "users"."city" FROM "users"[0m
  ↳ app/models/user.rb:17:in `distinct_ordered'
Completed 200 OK in 5ms (Views: 0.2ms | ActiveRecord: 0.6ms | Allocations: 1444)


Started GET "/api/v1/users" for 127.0.0.1 at 2024-11-11 12:33:02 +0500
Started GET "/api/v1/users/locations" for 127.0.0.1 at 2024-11-11 12:33:02 +0500
Processing by Api::V1::UsersController#index as HTML
  [1m[36mUser Load (0.2ms)[0m  [1m[34mSELECT "users".* FROM "users"[0m
  ↳ app/controllers/api/v1/users_controller.rb:6:in `map'
Completed 200 OK in 3ms (Views: 0.2ms | ActiveRecord: 0.1ms | Allocations: 544)


Processing by Api::V1::UsersController#locations as HTML
  [1m[36mUser Pluck (0.2ms)[0m  [1m[34mSELECT DISTINCT "users"."continent" FROM "users"[0m
  ↳ app/models/user.rb:17:in `distinct_ordered'
  [1m[36mUser Pluck (0.1ms)[0m  [1m[34mSELECT DISTINCT "users"."country" FROM "users"[0m
  ↳ app/models/user.rb:17:in `distinct_ordered'
  [1m[36mUser Pluck (0.1ms)[0m  [1m[34mSELECT DISTINCT "users"."state" FROM "users"[0m
  ↳ app/models/user.rb:17:in `distinct_ordered'
  [1m[36mUser Pluck (0.1ms)[0m  [1m[34mSELECT DISTINCT "users"."city" FROM "users"[0m
  ↳ app/models/user.rb:17:in `distinct_ordered'
Completed 200 OK in 6ms (Views: 0.2ms | ActiveRecord: 0.5ms | Allocations: 1444)


Started GET "/api/v1/users" for 127.0.0.1 at 2024-11-11 12:34:21 +0500
Started GET "/api/v1/users/locations" for 127.0.0.1 at 2024-11-11 12:34:21 +0500
Processing by Api::V1::UsersController#index as HTML
  [1m[36mUser Load (0.1ms)[0m  [1m[34mSELECT "users".* FROM "users"[0m
  ↳ app/controllers/api/v1/users_controller.rb:6:in `map'
Completed 200 OK in 3ms (Views: 0.2ms | ActiveRecord: 0.1ms | Allocations: 539)


Processing by Api::V1::UsersController#locations as HTML
  [1m[36mUser Pluck (0.1ms)[0m  [1m[34mSELECT DISTINCT "users"."continent" FROM "users"[0m
  ↳ app/models/user.rb:17:in `distinct_ordered'
  [1m[36mUser Pluck (0.1ms)[0m  [1m[34mSELECT DISTINCT "users"."country" FROM "users"[0m
  ↳ app/models/user.rb:17:in `distinct_ordered'
  [1m[36mUser Pluck (0.1ms)[0m  [1m[34mSELECT DISTINCT "users"."state" FROM "users"[0m
  ↳ app/models/user.rb:17:in `distinct_ordered'
  [1m[36mUser Pluck (0.2ms)[0m  [1m[34mSELECT DISTINCT "users"."city" FROM "users"[0m
  ↳ app/models/user.rb:17:in `distinct_ordered'
Completed 200 OK in 6ms (Views: 0.1ms | ActiveRecord: 0.4ms | Allocations: 1444)


Started GET "/api/v1/users" for 127.0.0.1 at 2024-11-11 12:34:53 +0500
Started GET "/api/v1/users/locations" for 127.0.0.1 at 2024-11-11 12:34:53 +0500
Processing by Api::V1::UsersController#index as HTML
  [1m[36mUser Load (0.1ms)[0m  [1m[34mSELECT "users".* FROM "users"[0m
  ↳ app/controllers/api/v1/users_controller.rb:6:in `map'
Completed 200 OK in 3ms (Views: 0.4ms | ActiveRecord: 0.1ms | Allocations: 541)


Processing by Api::V1::UsersController#locations as HTML
  [1m[36mUser Pluck (0.3ms)[0m  [1m[34mSELECT DISTINCT "users"."continent" FROM "users"[0m
  ↳ app/models/user.rb:17:in `distinct_ordered'
  [1m[36mUser Pluck (0.3ms)[0m  [1m[34mSELECT DISTINCT "users"."country" FROM "users"[0m
  ↳ app/models/user.rb:17:in `distinct_ordered'
  [1m[36mUser Pluck (0.2ms)[0m  [1m[34mSELECT DISTINCT "users"."state" FROM "users"[0m
  ↳ app/models/user.rb:17:in `distinct_ordered'
  [1m[36mUser Pluck (0.1ms)[0m  [1m[34mSELECT DISTINCT "users"."city" FROM "users"[0m
  ↳ app/models/user.rb:17:in `distinct_ordered'
Completed 200 OK in 7ms (Views: 0.1ms | ActiveRecord: 0.8ms | Allocations: 1445)


Started GET "/api/v1/users" for 127.0.0.1 at 2024-11-11 12:34:54 +0500
Started GET "/api/v1/users/locations" for 127.0.0.1 at 2024-11-11 12:34:54 +0500
Processing by Api::V1::UsersController#index as HTML
  [1m[36mUser Load (0.1ms)[0m  [1m[34mSELECT "users".* FROM "users"[0m
Processing by Api::V1::UsersController#locations as HTML
  ↳ app/controllers/api/v1/users_controller.rb:6:in `map'
  [1m[36mUser Pluck (1.2ms)[0m  [1m[34mSELECT DISTINCT "users"."continent" FROM "users"[0m
Completed 200 OK in 4ms (Views: 0.1ms | ActiveRecord: 0.1ms | Allocations: 1181)


  ↳ app/models/user.rb:17:in `distinct_ordered'
  [1m[36mUser Pluck (0.2ms)[0m  [1m[34mSELECT DISTINCT "users"."country" FROM "users"[0m
  ↳ app/models/user.rb:17:in `distinct_ordered'
  [1m[36mUser Pluck (1.1ms)[0m  [1m[34mSELECT DISTINCT "users"."state" FROM "users"[0m
  ↳ app/models/user.rb:17:in `distinct_ordered'
  [1m[36mUser Pluck (0.7ms)[0m  [1m[34mSELECT DISTINCT "users"."city" FROM "users"[0m
  ↳ app/models/user.rb:17:in `distinct_ordered'
Completed 200 OK in 11ms (Views: 0.3ms | ActiveRecord: 3.6ms | Allocations: 1995)


Started GET "/api/v1/users" for 127.0.0.1 at 2024-11-11 12:35:40 +0500
Started GET "/api/v1/users/locations" for 127.0.0.1 at 2024-11-11 12:35:40 +0500
Processing by Api::V1::UsersController#index as HTML
  [1m[36mUser Load (0.2ms)[0m  [1m[34mSELECT "users".* FROM "users"[0m
Processing by Api::V1::UsersController#locations as HTML
  ↳ app/controllers/api/v1/users_controller.rb:6:in `map'
  [1m[36mUser Pluck (0.3ms)[0m  [1m[34mSELECT DISTINCT "users"."continent" FROM "users"[0m
Completed 200 OK in 5ms (Views: 0.2ms | ActiveRecord: 0.2ms | Allocations: 969)


  ↳ app/models/user.rb:17:in `distinct_ordered'
  [1m[36mUser Pluck (0.2ms)[0m  [1m[34mSELECT DISTINCT "users"."country" FROM "users"[0m
  ↳ app/models/user.rb:17:in `distinct_ordered'
  [1m[36mUser Pluck (0.6ms)[0m  [1m[34mSELECT DISTINCT "users"."state" FROM "users"[0m
  ↳ app/models/user.rb:17:in `distinct_ordered'
  [1m[36mUser Pluck (0.2ms)[0m  [1m[34mSELECT DISTINCT "users"."city" FROM "users"[0m
  ↳ app/models/user.rb:17:in `distinct_ordered'
Completed 200 OK in 17ms (Views: 0.3ms | ActiveRecord: 1.3ms | Allocations: 1737)


Started GET "/api/v1/users" for 127.0.0.1 at 2024-11-11 12:35:42 +0500
Processing by Api::V1::UsersController#index as HTML
  [1m[36mUser Load (0.2ms)[0m  [1m[34mSELECT "users".* FROM "users"[0m
  ↳ app/controllers/api/v1/users_controller.rb:6:in `map'
Completed 200 OK in 3ms (Views: 0.2ms | ActiveRecord: 0.2ms | Allocations: 535)


Started GET "/api/v1/users" for 127.0.0.1 at 2024-11-11 12:35:42 +0500
Processing by Api::V1::UsersController#index as HTML
  [1m[36mUser Load (0.1ms)[0m  [1m[34mSELECT "users".* FROM "users"[0m
  ↳ app/controllers/api/v1/users_controller.rb:6:in `map'
Completed 200 OK in 2ms (Views: 0.4ms | ActiveRecord: 0.1ms | Allocations: 535)


Started GET "/api/v1/users/locations" for 127.0.0.1 at 2024-11-11 12:35:43 +0500
Processing by Api::V1::UsersController#locations as HTML
  [1m[36mUser Pluck (0.2ms)[0m  [1m[34mSELECT DISTINCT "users"."continent" FROM "users"[0m
  ↳ app/models/user.rb:17:in `distinct_ordered'
  [1m[36mUser Pluck (0.1ms)[0m  [1m[34mSELECT DISTINCT "users"."country" FROM "users"[0m
  ↳ app/models/user.rb:17:in `distinct_ordered'
  [1m[36mUser Pluck (0.1ms)[0m  [1m[34mSELECT DISTINCT "users"."state" FROM "users"[0m
  ↳ app/models/user.rb:17:in `distinct_ordered'
  [1m[36mUser Pluck (0.1ms)[0m  [1m[34mSELECT DISTINCT "users"."city" FROM "users"[0m
  ↳ app/models/user.rb:17:in `distinct_ordered'
Completed 200 OK in 5ms (Views: 0.2ms | ActiveRecord: 0.4ms | Allocations: 1445)


Started GET "/api/v1/users" for 127.0.0.1 at 2024-11-11 12:36:30 +0500
Started GET "/api/v1/users/locations" for 127.0.0.1 at 2024-11-11 12:36:30 +0500
Processing by Api::V1::UsersController#index as HTML
  [1m[36mUser Load (0.1ms)[0m  [1m[34mSELECT "users".* FROM "users"[0m
  ↳ app/controllers/api/v1/users_controller.rb:6:in `map'
Completed 200 OK in 2ms (Views: 0.1ms | ActiveRecord: 0.1ms | Allocations: 554)


Processing by Api::V1::UsersController#locations as HTML
  [1m[36mUser Pluck (0.1ms)[0m  [1m[34mSELECT DISTINCT "users"."continent" FROM "users"[0m
  ↳ app/models/user.rb:17:in `distinct_ordered'
  [1m[36mUser Pluck (0.1ms)[0m  [1m[34mSELECT DISTINCT "users"."country" FROM "users"[0m
  ↳ app/models/user.rb:17:in `distinct_ordered'
  [1m[36mUser Pluck (0.2ms)[0m  [1m[34mSELECT DISTINCT "users"."state" FROM "users"[0m
  ↳ app/models/user.rb:17:in `distinct_ordered'
  [1m[36mUser Pluck (0.1ms)[0m  [1m[34mSELECT DISTINCT "users"."city" FROM "users"[0m
  ↳ app/models/user.rb:17:in `distinct_ordered'
Completed 200 OK in 6ms (Views: 0.1ms | ActiveRecord: 0.5ms | Allocations: 1445)


Started GET "/api/v1/users/locations" for 127.0.0.1 at 2024-11-11 12:36:48 +0500
Started GET "/api/v1/users" for 127.0.0.1 at 2024-11-11 12:36:48 +0500
Processing by Api::V1::UsersController#locations as HTML
  [1m[36mUser Pluck (0.1ms)[0m  [1m[34mSELECT DISTINCT "users"."continent" FROM "users"[0m
  ↳ app/models/user.rb:17:in `distinct_ordered'
  [1m[36mUser Pluck (0.2ms)[0m  [1m[34mSELECT DISTINCT "users"."country" FROM "users"[0m
  ↳ app/models/user.rb:17:in `distinct_ordered'
  [1m[36mUser Pluck (0.1ms)[0m  [1m[34mSELECT DISTINCT "users"."state" FROM "users"[0m
  ↳ app/models/user.rb:17:in `distinct_ordered'
  [1m[36mUser Pluck (0.4ms)[0m  [1m[34mSELECT DISTINCT "users"."city" FROM "users"[0m
  ↳ app/models/user.rb:17:in `distinct_ordered'
Completed 200 OK in 6ms (Views: 0.1ms | ActiveRecord: 0.7ms | Allocations: 1486)


Processing by Api::V1::UsersController#index as HTML
  [1m[36mUser Load (0.2ms)[0m  [1m[34mSELECT "users".* FROM "users"[0m
  ↳ app/controllers/api/v1/users_controller.rb:6:in `map'
Completed 200 OK in 6ms (Views: 0.2ms | ActiveRecord: 3.5ms | Allocations: 535)


Started GET "/api/v1/users" for 127.0.0.1 at 2024-11-11 12:36:54 +0500
Processing by Api::V1::UsersController#index as HTML
  [1m[36mUser Load (0.1ms)[0m  [1m[34mSELECT "users".* FROM "users"[0m
  ↳ app/controllers/api/v1/users_controller.rb:6:in `map'
Completed 200 OK in 2ms (Views: 0.2ms | ActiveRecord: 0.1ms | Allocations: 535)


Started GET "/api/v1/users" for 127.0.0.1 at 2024-11-11 12:36:54 +0500
Processing by Api::V1::UsersController#index as HTML
  [1m[36mUser Load (0.1ms)[0m  [1m[34mSELECT "users".* FROM "users"[0m
  ↳ app/controllers/api/v1/users_controller.rb:6:in `map'
Completed 200 OK in 2ms (Views: 0.1ms | ActiveRecord: 0.1ms | Allocations: 536)


Started GET "/api/v1/users/locations" for 127.0.0.1 at 2024-11-11 12:36:56 +0500
Processing by Api::V1::UsersController#locations as HTML
  [1m[36mUser Pluck (0.2ms)[0m  [1m[34mSELECT DISTINCT "users"."continent" FROM "users"[0m
  ↳ app/models/user.rb:17:in `distinct_ordered'
  [1m[36mUser Pluck (0.2ms)[0m  [1m[34mSELECT DISTINCT "users"."country" FROM "users"[0m
  ↳ app/models/user.rb:17:in `distinct_ordered'
  [1m[36mUser Pluck (0.1ms)[0m  [1m[34mSELECT DISTINCT "users"."state" FROM "users"[0m
  ↳ app/models/user.rb:17:in `distinct_ordered'
  [1m[36mUser Pluck (0.1ms)[0m  [1m[34mSELECT DISTINCT "users"."city" FROM "users"[0m
  ↳ app/models/user.rb:17:in `distinct_ordered'
Completed 200 OK in 6ms (Views: 0.2ms | ActiveRecord: 0.7ms | Allocations: 1445)


Started GET "/api/v1/users?continent=&country=UK&state=&city=" for 127.0.0.1 at 2024-11-11 12:37:00 +0500
Processing by Api::V1::UsersController#index as HTML
  Parameters: {"continent"=>"", "country"=>"UK", "state"=>"", "city"=>""}
  [1m[36mUser Load (0.2ms)[0m  [1m[34mSELECT "users".* FROM "users" WHERE "users"."continent" = ? AND "users"."country" = ? AND "users"."state" = ? AND "users"."city" = ?[0m  [["continent", ""], ["country", "UK"], ["state", ""], ["city", ""]]
  ↳ app/controllers/api/v1/users_controller.rb:6:in `map'
Completed 200 OK in 5ms (Views: 0.2ms | ActiveRecord: 0.2ms | Allocations: 673)


Started GET "/api/v1/users" for 127.0.0.1 at 2024-11-11 12:37:37 +0500
Processing by Api::V1::UsersController#index as HTML
  [1m[36mUser Load (0.4ms)[0m  [1m[34mSELECT "users".* FROM "users"[0m
  ↳ app/controllers/api/v1/users_controller.rb:6:in `map'
Completed 200 OK in 12843ms (Views: 0.2ms | ActiveRecord: 6.3ms | Allocations: 122645)


Started GET "/api/v1/users" for 127.0.0.1 at 2024-11-11 12:37:50 +0500
Processing by Api::V1::UsersController#index as HTML
  [1m[36mUser Load (0.1ms)[0m  [1m[34mSELECT "users".* FROM "users"[0m
  ↳ app/controllers/api/v1/users_controller.rb:6:in `map'
Completed 200 OK in 3001ms (Views: 0.1ms | ActiveRecord: 0.1ms | Allocations: 109162)


Started GET "/api/v1/users/locations" for 127.0.0.1 at 2024-11-11 12:37:57 +0500
Processing by Api::V1::UsersController#locations as HTML
  [1m[36mUser Pluck (0.2ms)[0m  [1m[34mSELECT DISTINCT "users"."continent" FROM "users"[0m
  ↳ app/models/user.rb:18:in `distinct_ordered'
  [1m[36mUser Pluck (0.2ms)[0m  [1m[34mSELECT DISTINCT "users"."country" FROM "users"[0m
  ↳ app/models/user.rb:18:in `distinct_ordered'
  [1m[36mUser Pluck (0.4ms)[0m  [1m[34mSELECT DISTINCT "users"."state" FROM "users"[0m
  ↳ app/models/user.rb:18:in `distinct_ordered'
  [1m[36mUser Pluck (0.2ms)[0m  [1m[34mSELECT DISTINCT "users"."city" FROM "users"[0m
  ↳ app/models/user.rb:18:in `distinct_ordered'
Completed 200 OK in 5ms (Views: 0.1ms | ActiveRecord: 0.8ms | Allocations: 1526)


Started GET "/api/v1/users?continent=&country=UK&state=&city=" for 127.0.0.1 at 2024-11-11 12:37:59 +0500
Processing by Api::V1::UsersController#index as HTML
  Parameters: {"continent"=>"", "country"=>"UK", "state"=>"", "city"=>""}
  [1m[36mUser Load (0.3ms)[0m  [1m[34mSELECT "users".* FROM "users" WHERE "users"."continent" = ? AND "users"."country" = ? AND "users"."state" = ? AND "users"."city" = ? /* loading for pp */ LIMIT ?[0m  [["continent", ""], ["country", "UK"], ["state", ""], ["city", ""], ["LIMIT", 11]]
  ↳ app/models/user.rb:4:in `block in <class:User>'
  [1m[36mUser Load (0.2ms)[0m  [1m[34mSELECT "users".* FROM "users" WHERE "users"."country" = ? /* loading for pp */ LIMIT ?[0m  [["country", "UK"], ["LIMIT", 11]]
  ↳ app/models/user.rb:4:in `block in <class:User>'
  [1m[36mUser Load (0.4ms)[0m  [1m[34mSELECT "users".* FROM "users" WHERE "users"."continent" = ? AND "users"."country" = ? AND "users"."state" = ? AND "users"."city" = ?[0m  [["continent", ""], ["country", "UK"], ["state", ""], ["city", ""]]
Started GET "/cable" for ::1 at 2024-11-11 12:38:54 +0500
  ↳ app/controllers/api/v1/users_controller.rb:6:in `map'
Completed 200 OK in 55206ms (Views: 0.2ms | ActiveRecord: 0.8ms | Allocations: 140558)


Started GET "/cable" [WebSocket] for ::1 at 2024-11-11 12:38:54 +0500
Successfully upgraded to WebSocket (REQUEST_METHOD: GET, HTTP_CONNECTION: Upgrade, HTTP_UPGRADE: websocket)
Started GET "/api/v1/users" for 127.0.0.1 at 2024-11-11 12:38:57 +0500
Processing by Api::V1::UsersController#index as HTML
  [1m[36mUser Load (0.4ms)[0m  [1m[34mSELECT "users".* FROM "users"[0m
  ↳ app/controllers/api/v1/users_controller.rb:6:in `map'
Completed 200 OK in 23ms (Views: 0.3ms | ActiveRecord: 4.7ms | Allocations: 5276)


Started GET "/api/v1/users" for 127.0.0.1 at 2024-11-11 12:38:57 +0500
Processing by Api::V1::UsersController#index as HTML
  [1m[36mUser Load (0.2ms)[0m  [1m[34mSELECT "users".* FROM "users"[0m
  ↳ app/controllers/api/v1/users_controller.rb:6:in `map'
Completed 200 OK in 3ms (Views: 0.3ms | ActiveRecord: 0.2ms | Allocations: 541)


Started GET "/api/v1/users/locations" for 127.0.0.1 at 2024-11-11 12:38:59 +0500
Processing by Api::V1::UsersController#locations as HTML
  [1m[36mUser Pluck (0.3ms)[0m  [1m[34mSELECT DISTINCT "users"."continent" FROM "users"[0m
  ↳ app/models/user.rb:18:in `distinct_ordered'
  [1m[36mUser Pluck (0.1ms)[0m  [1m[34mSELECT DISTINCT "users"."country" FROM "users"[0m
  ↳ app/models/user.rb:18:in `distinct_ordered'
  [1m[36mUser Pluck (0.2ms)[0m  [1m[34mSELECT DISTINCT "users"."state" FROM "users"[0m
  ↳ app/models/user.rb:18:in `distinct_ordered'
  [1m[36mUser Pluck (0.3ms)[0m  [1m[34mSELECT DISTINCT "users"."city" FROM "users"[0m
  ↳ app/models/user.rb:18:in `distinct_ordered'
Completed 200 OK in 7ms (Views: 0.2ms | ActiveRecord: 0.9ms | Allocations: 1499)


Started GET "/api/v1/users?continent=&country=USA&state=&city=" for 127.0.0.1 at 2024-11-11 12:39:01 +0500
Processing by Api::V1::UsersController#index as HTML
  Parameters: {"continent"=>"", "country"=>"USA", "state"=>"", "city"=>""}
  [1m[36mUser Load (0.3ms)[0m  [1m[34mSELECT "users".* FROM "users" WHERE "users"."country" = ?[0m  [["country", "USA"]]
  ↳ app/controllers/api/v1/users_controller.rb:6:in `map'
Completed 200 OK in 4ms (Views: 0.2ms | ActiveRecord: 0.3ms | Allocations: 628)


Started GET "/api/v1/users?continent=&country=UK&state=&city=" for 127.0.0.1 at 2024-11-11 12:39:04 +0500
Processing by Api::V1::UsersController#index as HTML
  Parameters: {"continent"=>"", "country"=>"UK", "state"=>"", "city"=>""}
  [1m[36mUser Load (0.1ms)[0m  [1m[34mSELECT "users".* FROM "users" WHERE "users"."country" = ?[0m  [["country", "UK"]]
  ↳ app/controllers/api/v1/users_controller.rb:6:in `map'
Completed 200 OK in 3ms (Views: 0.2ms | ActiveRecord: 0.1ms | Allocations: 590)


Started GET "/api/v1/users?continent=&country=&state=&city=" for 127.0.0.1 at 2024-11-11 12:39:05 +0500
Processing by Api::V1::UsersController#index as HTML
  Parameters: {"continent"=>"", "country"=>"", "state"=>"", "city"=>""}
  [1m[36mUser Load (0.4ms)[0m  [1m[34mSELECT "users".* FROM "users"[0m
  ↳ app/controllers/api/v1/users_controller.rb:6:in `map'
Completed 200 OK in 3ms (Views: 0.2ms | ActiveRecord: 0.4ms | Allocations: 568)


Started GET "/api/v1/users" for 127.0.0.1 at 2024-11-11 12:39:08 +0500
Processing by Api::V1::UsersController#index as HTML
  [1m[36mUser Load (0.2ms)[0m  [1m[34mSELECT "users".* FROM "users"[0m
  ↳ app/controllers/api/v1/users_controller.rb:6:in `map'
Completed 200 OK in 3ms (Views: 0.3ms | ActiveRecord: 0.2ms | Allocations: 540)


Started GET "/api/v1/users" for 127.0.0.1 at 2024-11-11 12:39:08 +0500
Processing by Api::V1::UsersController#index as HTML
  [1m[36mUser Load (0.1ms)[0m  [1m[34mSELECT "users".* FROM "users"[0m
  ↳ app/controllers/api/v1/users_controller.rb:6:in `map'
Completed 200 OK in 3ms (Views: 0.8ms | ActiveRecord: 0.1ms | Allocations: 540)


Started GET "/api/v1/users" for 127.0.0.1 at 2024-11-11 12:39:47 +0500
  [1m[36mActiveRecord::SchemaMigration Load (0.2ms)[0m  [1m[34mSELECT "schema_migrations"."version" FROM "schema_migrations" ORDER BY "schema_migrations"."version" ASC[0m
Processing by Api::V1::UsersController#index as HTML
  [1m[36mUser Load (0.2ms)[0m  [1m[34mSELECT "users".* FROM "users"[0m
  ↳ app/controllers/api/v1/users_controller.rb:6:in `map'
Completed 200 OK in 197ms (Views: 0.3ms | ActiveRecord: 6.2ms | Allocations: 16048)


Started GET "/api/v1/users" for 127.0.0.1 at 2024-11-11 12:39:48 +0500
Processing by Api::V1::UsersController#index as HTML
  [1m[36mUser Load (0.1ms)[0m  [1m[34mSELECT "users".* FROM "users"[0m
  ↳ app/controllers/api/v1/users_controller.rb:6:in `map'
Completed 200 OK in 1ms (Views: 0.1ms | ActiveRecord: 0.1ms | Allocations: 555)


Started GET "/api/v1/users" for 127.0.0.1 at 2024-11-11 12:39:54 +0500
Processing by Api::V1::UsersController#index as HTML
  [1m[36mUser Load (0.2ms)[0m  [1m[34mSELECT "users".* FROM "users"[0m
  ↳ app/controllers/api/v1/users_controller.rb:6:in `map'
Completed 200 OK in 2ms (Views: 0.2ms | ActiveRecord: 0.2ms | Allocations: 552)


Started GET "/api/v1/users" for 127.0.0.1 at 2024-11-11 12:39:54 +0500
Processing by Api::V1::UsersController#index as HTML
  [1m[36mUser Load (0.2ms)[0m  [1m[34mSELECT "users".* FROM "users"[0m
  ↳ app/controllers/api/v1/users_controller.rb:6:in `map'
Completed 200 OK in 3ms (Views: 0.3ms | ActiveRecord: 0.2ms | Allocations: 552)


Started GET "/cable" for ::1 at 2024-11-11 12:39:55 +0500
Started GET "/cable" [WebSocket] for ::1 at 2024-11-11 12:39:55 +0500
Successfully upgraded to WebSocket (REQUEST_METHOD: GET, HTTP_CONNECTION: Upgrade, HTTP_UPGRADE: websocket)
Started GET "/api/v1/users" for 127.0.0.1 at 2024-11-11 12:40:08 +0500
Processing by Api::V1::UsersController#index as HTML
  [1m[36mUser Load (0.1ms)[0m  [1m[34mSELECT "users".* FROM "users"[0m
  ↳ app/controllers/api/v1/users_controller.rb:6:in `map'
Completed 200 OK in 25ms (Views: 0.3ms | ActiveRecord: 0.1ms | Allocations: 546)


Started GET "/api/v1/users" for 127.0.0.1 at 2024-11-11 12:40:08 +0500
Processing by Api::V1::UsersController#index as HTML
  [1m[36mUser Load (0.2ms)[0m  [1m[34mSELECT "users".* FROM "users"[0m
  ↳ app/controllers/api/v1/users_controller.rb:6:in `map'
Completed 200 OK in 24ms (Views: 0.1ms | ActiveRecord: 0.2ms | Allocations: 540)


Started GET "/api/v1/users/locations" for 127.0.0.1 at 2024-11-11 12:40:38 +0500
Processing by Api::V1::UsersController#locations as HTML
  [1m[36mUser Pluck (0.4ms)[0m  [1m[34mSELECT DISTINCT "users"."continent" FROM "users"[0m
  ↳ app/models/user.rb:18:in `distinct_ordered'
  [1m[36mUser Pluck (0.2ms)[0m  [1m[34mSELECT DISTINCT "users"."country" FROM "users"[0m
  ↳ app/models/user.rb:18:in `distinct_ordered'
  [1m[36mUser Pluck (0.4ms)[0m  [1m[34mSELECT DISTINCT "users"."state" FROM "users"[0m
  ↳ app/models/user.rb:18:in `distinct_ordered'
  [1m[36mUser Pluck (0.2ms)[0m  [1m[34mSELECT DISTINCT "users"."city" FROM "users"[0m
  ↳ app/models/user.rb:18:in `distinct_ordered'
Completed 200 OK in 9ms (Views: 0.2ms | ActiveRecord: 1.1ms | Allocations: 1560)


Started GET "/api/v1/users?continent=Europe&country=&state=&city=" for 127.0.0.1 at 2024-11-11 12:40:40 +0500
Processing by Api::V1::UsersController#index as HTML
  Parameters: {"continent"=>"Europe", "country"=>"", "state"=>"", "city"=>""}
  [1m[36mUser Load (0.6ms)[0m  [1m[34mSELECT "users".* FROM "users" WHERE "users"."continent" = ?[0m  [["continent", "Europe"]]
  ↳ app/controllers/api/v1/users_controller.rb:6:in `map'
Completed 200 OK in 22ms (Views: 0.3ms | ActiveRecord: 0.6ms | Allocations: 2548)


Started GET "/api/v1/users?continent=Europe&country=UK&state=&city=" for 127.0.0.1 at 2024-11-11 12:40:45 +0500
Processing by Api::V1::UsersController#index as HTML
  Parameters: {"continent"=>"Europe", "country"=>"UK", "state"=>"", "city"=>""}
  [1m[36mUser Load (0.2ms)[0m  [1m[34mSELECT "users".* FROM "users" WHERE "users"."continent" = ? AND "users"."country" = ?[0m  [["continent", "Europe"], ["country", "UK"]]
  ↳ app/controllers/api/v1/users_controller.rb:6:in `map'
Completed 200 OK in 4ms (Views: 0.3ms | ActiveRecord: 0.2ms | Allocations: 657)


Started GET "/api/v1/users?continent=Europe&country=USA&state=&city=" for 127.0.0.1 at 2024-11-11 12:40:47 +0500
Processing by Api::V1::UsersController#index as HTML
  Parameters: {"continent"=>"Europe", "country"=>"USA", "state"=>"", "city"=>""}
  [1m[36mUser Load (0.1ms)[0m  [1m[34mSELECT "users".* FROM "users" WHERE "users"."continent" = ? AND "users"."country" = ?[0m  [["continent", "Europe"], ["country", "USA"]]
  ↳ app/controllers/api/v1/users_controller.rb:6:in `map'
Completed 200 OK in 3ms (Views: 0.2ms | ActiveRecord: 0.1ms | Allocations: 578)


Started GET "/api/v1/users?continent=Europe&country=&state=&city=" for 127.0.0.1 at 2024-11-11 12:40:49 +0500
Processing by Api::V1::UsersController#index as HTML
  Parameters: {"continent"=>"Europe", "country"=>"", "state"=>"", "city"=>""}
  [1m[36mUser Load (0.2ms)[0m  [1m[34mSELECT "users".* FROM "users" WHERE "users"."continent" = ?[0m  [["continent", "Europe"]]
  ↳ app/controllers/api/v1/users_controller.rb:6:in `map'
Completed 200 OK in 3ms (Views: 0.3ms | ActiveRecord: 0.1ms | Allocations: 590)


Started GET "/api/v1/users?continent=&country=&state=&city=" for 127.0.0.1 at 2024-11-11 12:40:50 +0500
Processing by Api::V1::UsersController#index as HTML
  Parameters: {"continent"=>"", "country"=>"", "state"=>"", "city"=>""}
  [1m[36mUser Load (0.2ms)[0m  [1m[34mSELECT "users".* FROM "users"[0m
  ↳ app/controllers/api/v1/users_controller.rb:6:in `map'
Completed 200 OK in 3ms (Views: 0.2ms | ActiveRecord: 0.2ms | Allocations: 568)


Started GET "/api/v1/users?continent=&country=&state=California&city=" for 127.0.0.1 at 2024-11-11 12:40:52 +0500
Processing by Api::V1::UsersController#index as HTML
  Parameters: {"continent"=>"", "country"=>"", "state"=>"California", "city"=>""}
  [1m[36mUser Load (0.3ms)[0m  [1m[34mSELECT "users".* FROM "users" WHERE "users"."state" = ?[0m  [["state", "California"]]
  ↳ app/controllers/api/v1/users_controller.rb:6:in `map'
Completed 200 OK in 10ms (Views: 0.3ms | ActiveRecord: 0.3ms | Allocations: 618)


Started GET "/api/v1/users?continent=&country=&state=&city=" for 127.0.0.1 at 2024-11-11 12:40:54 +0500
Processing by Api::V1::UsersController#index as HTML
  Parameters: {"continent"=>"", "country"=>"", "state"=>"", "city"=>""}
  [1m[36mUser Load (0.3ms)[0m  [1m[34mSELECT "users".* FROM "users"[0m
  ↳ app/controllers/api/v1/users_controller.rb:6:in `map'
Completed 200 OK in 3ms (Views: 0.6ms | ActiveRecord: 0.2ms | Allocations: 568)


Started GET "/api/v1/users" for 127.0.0.1 at 2024-11-11 12:41:04 +0500
Processing by Api::V1::UsersController#index as HTML
  [1m[36mUser Load (0.2ms)[0m  [1m[34mSELECT "users".* FROM "users"[0m
  ↳ app/controllers/api/v1/users_controller.rb:6:in `map'
Completed 200 OK in 13ms (Views: 0.2ms | ActiveRecord: 0.2ms | Allocations: 540)


Started GET "/api/v1/users" for 127.0.0.1 at 2024-11-11 12:41:05 +0500
Processing by Api::V1::UsersController#index as HTML
  [1m[36mUser Load (0.2ms)[0m  [1m[34mSELECT "users".* FROM "users"[0m
  ↳ app/controllers/api/v1/users_controller.rb:6:in `map'
Completed 200 OK in 3ms (Views: 0.5ms | ActiveRecord: 0.1ms | Allocations: 541)


Started GET "/api/v1/users/locations" for 127.0.0.1 at 2024-11-11 12:41:14 +0500
Processing by Api::V1::UsersController#locations as HTML
  [1m[36mUser Pluck (0.6ms)[0m  [1m[34mSELECT DISTINCT "users"."continent" FROM "users"[0m
  ↳ app/models/user.rb:18:in `distinct_ordered'
  [1m[36mUser Pluck (0.1ms)[0m  [1m[34mSELECT DISTINCT "users"."country" FROM "users"[0m
  ↳ app/models/user.rb:18:in `distinct_ordered'
  [1m[36mUser Pluck (0.2ms)[0m  [1m[34mSELECT DISTINCT "users"."state" FROM "users"[0m
  ↳ app/models/user.rb:18:in `distinct_ordered'
  [1m[36mUser Pluck (0.2ms)[0m  [1m[34mSELECT DISTINCT "users"."city" FROM "users"[0m
  ↳ app/models/user.rb:18:in `distinct_ordered'
Completed 200 OK in 7ms (Views: 0.3ms | ActiveRecord: 1.0ms | Allocations: 1445)


Started OPTIONS "/feed.xml?token=[FILTERED]" for ::1 at 2024-11-11 12:41:33 +0500
  
ActionController::RoutingError (No route matches [OPTIONS] "/feed.xml"):
  
